<?xml version="1.0" encoding="UTF-8"?>
<testng-results ignored="0" total="3" passed="3" failed="0" skipped="0">
  <reporter-output>
  </reporter-output>
  <suite started-at="2024-02-13T15:54:29 IST" name="Default suite" finished-at="2024-02-13T15:57:43 IST" duration-ms="194107">
    <groups>
    </groups>
    <test started-at="2024-02-13T15:54:29 IST" name="Default test" finished-at="2024-02-13T15:57:43 IST" duration-ms="194107">
      <class name="com.cognizant.test.TestCases">
        <test-method is-config="true" signature="Driversetup()[pri:0, instance:com.cognizant.test.TestCases@2ea41516]" started-at="2024-02-13T15:54:29 IST" name="Driversetup" finished-at="2024-02-13T15:55:13 IST" duration-ms="44494" status="PASS">
          <reporter-output>
          </reporter-output>
        </test-method> <!-- Driversetup -->
        <test-method signature="Test1()[pri:0, instance:com.cognizant.test.TestCases@2ea41516]" started-at="2024-02-13T15:55:14 IST" name="Test1" finished-at="2024-02-13T15:55:54 IST" duration-ms="40203" status="PASS">
          <reporter-output>
          </reporter-output>
        </test-method> <!-- Test1 -->
        <test-method signature="Test2()[pri:0, instance:com.cognizant.test.TestCases@2ea41516]" started-at="2024-02-13T15:55:54 IST" name="Test2" finished-at="2024-02-13T15:57:00 IST" duration-ms="66530" status="PASS">
          <reporter-output>
          </reporter-output>
        </test-method> <!-- Test2 -->
        <test-method signature="Test3()[pri:0, instance:com.cognizant.test.TestCases@2ea41516]" started-at="2024-02-13T15:57:00 IST" name="Test3" finished-at="2024-02-13T15:57:41 IST" duration-ms="40429" status="PASS">
          <reporter-output>
          </reporter-output>
        </test-method> <!-- Test3 -->
        <test-method is-config="true" signature="Test4()[pri:0, instance:com.cognizant.test.TestCases@2ea41516]" started-at="2024-02-13T15:57:41 IST" name="Test4" finished-at="2024-02-13T15:57:43 IST" duration-ms="2392" status="PASS">
          <reporter-output>
          </reporter-output>
        </test-method> <!-- Test4 -->
      </class> <!-- com.cognizant.test.TestCases -->
    </test> <!-- Default test -->
  </suite> <!-- Default suite -->
</testng-results>
